#
# A fatal error has been detected by the Java Runtime Environment:
#
#  SIGSEGV (0xb) at pc=0x00007f3cb1b10e98, pid=5102, tid=5114
#
# JRE version: OpenJDK Runtime Environment AdoptOpenJDK (11.0.8+10) (build 11.0.8+10)
# Java VM: OpenJDK 64-Bit Server VM AdoptOpenJDK (11.0.8+10, mixed mode, tiered, compressed oops, g1 gc, linux-amd64)
# Problematic frame:
# V  [libjvm.so+0x4c8e98]  BlockBegin::try_merge(ValueStack*)+0x1f8
#
# Core dump will be written. Default location: Core dumps may be processed with "/usr/share/apport/apport %p %s %c %d %P %E" (or dumping to /home/vanshaj/Desktop/bank java/core.5102)
#
# If you would like to submit a bug report, please visit:
#   https://github.com/AdoptOpenJDK/openjdk-support/issues
#

---------------  S U M M A R Y ------------

Command Line: -Dapplication.home=/home/vanshaj/.sdkman/candidates/java/11.0.8.hs-adpt --add-modules=ALL-DEFAULT -Xms8m -Djdk.module.main=jdk.compiler jdk.compiler/com.sun.tools.javac.Main accountInfo.java

Host: Intel(R) Core(TM) i3-7020U CPU @ 2.30GHz, 4 cores, 19G, Ubuntu 20.04.2 LTS
Time: Thu Mar 11 03:24:52 2021 IST elapsed time: 0 seconds (0d 0h 0m 0s)

---------------  T H R E A D  ---------------

Current thread (0x00007f3cac133800):  JavaThread "C1 CompilerThread0" daemon [_thread_in_native, id=5114, stack(0x00007f3c7d5fe000,0x00007f3c7d6ff000)]


Current CompileTask:
C1:    776  791   !   3       java.util.regex.Pattern::<init> (144 bytes)

Stack: [0x00007f3c7d5fe000,0x00007f3c7d6ff000],  sp=0x00007f3c7d6fcf70,  free space=1019k
Native frames: (J=compiled Java code, A=aot compiled Java code, j=interpreted, Vv=VM code, C=native code)
V  [libjvm.so+0x4c8e98]  BlockBegin::try_merge(ValueStack*)+0x1f8
V  [libjvm.so+0x4b85b6]  GraphBuilder::iterate_bytecodes_for_block(int)+0x516
V  [libjvm.so+0x4bae7a]  GraphBuilder::iterate_all_blocks(bool)+0x17a
V  [libjvm.so+0x4bc6c7]  GraphBuilder::GraphBuilder(Compilation*, IRScope*)+0x2d7
V  [libjvm.so+0x4c0a42]  IRScope::IRScope(Compilation*, IRScope*, int, ciMethod*, int, bool)+0x1d2
V  [libjvm.so+0x4c1666]  IR::IR(Compilation*, ciMethod*, int)+0xa6
V  [libjvm.so+0x4a2306]  Compilation::build_hir() [clone .part.93]+0x166
V  [libjvm.so+0x4a2b53]  Compilation::compile_java_method()+0x3a3
V  [libjvm.so+0x4a2cef]  Compilation::compile_method()+0x12f
V  [libjvm.so+0x4a314f]  Compilation::Compilation(AbstractCompiler*, ciEnv*, ciMethod*, int, BufferBlob*, DirectiveSet*)+0x22f
V  [libjvm.so+0x4a3a2e]  Compiler::compile_method(ciEnv*, ciMethod*, int, DirectiveSet*)+0xae
V  [libjvm.so+0x639ecc]  CompileBroker::invoke_compiler_on_method(CompileTask*)+0x4fc
V  [libjvm.so+0x63b808]  CompileBroker::compiler_thread_loop()+0x5a8
V  [libjvm.so+0xdcc2ea]  JavaThread::thread_main_inner()+0x1ba
V  [libjvm.so+0xdc8d7f]  Thread::call_run()+0x14f
V  [libjvm.so+0xc175ae]  thread_native_entry(Thread*)+0xee


siginfo: si_signo: 11 (SIGSEGV), si_code: 1 (SEGV_MAPERR), si_addr: 0x0000000000000000

Register to memory mapping:

RAX=0x0 is NULL
RBX=0x00007f3c541fcba0 points into unknown readable memory: 78 10 99 b2 3c 7f 00 00
RCX=0x0 is NULL
RDX=0x00007f3c541fd7b0 points into unknown readable memory: 70 52 a2 b2 3c 7f 00 00
RSP=0x00007f3c7d6fcf70 is pointing into the stack for thread: 0x00007f3cac133800
RBP=0x00007f3c7d6fcfe0 is pointing into the stack for thread: 0x00007f3cac133800
RSI=0x00007f3c54043cc0 points into unknown readable memory: b0 d7 1f 54 3c 7f 00 00
RDI=0x0000000000000004 is an unknown value
R8 =0x0000000000000001 is an unknown value
R9 =0x0 is NULL
R10=0x0000000000000001 is an unknown value
R11=0x0000000800081410 is a pointer to class: 
java.util.regex.Pattern {0x0000000800081410}
R12=0x0 is NULL
R13=0x00007f3c54043a90 points into unknown readable memory: 70 b9 1f 54 3c 7f 00 00
R14=0x00007f3c54043c20 points into unknown readable memory: 70 b9 1f 54 3c 7f 00 00
R15=0x000000000000004a is an unknown value


Registers:
RAX=0x0000000000000000, RBX=0x00007f3c541fcba0, RCX=0x0000000000000000, RDX=0x00007f3c541fd7b0
RSP=0x00007f3c7d6fcf70, RBP=0x00007f3c7d6fcfe0, RSI=0x00007f3c54043cc0, RDI=0x0000000000000004
R8 =0x0000000000000001, R9 =0x0000000000000000, R10=0x0000000000000001, R11=0x0000000800081410
R12=0x0000000000000000, R13=0x00007f3c54043a90, R14=0x00007f3c54043c20, R15=0x000000000000004a
RIP=0x00007f3cb1b10e98, EFLAGS=0x0000000000010246, CSGSFS=0x002b000000000033, ERR=0x0000000000000004
  TRAPNO=0x000000000000000e

Top of Stack: (sp=0x00007f3c7d6fcf70)
0x00007f3c7d6fcf70:   00007f3c54043a60 00007f3c54043a60
0x00007f3c7d6fcf80:   00007f3c7d6fcfe0 00007f3cb1af5201
0x00007f3c7d6fcf90:   0000000000000000 0000000000000000
0x00007f3c7d6fcfa0:   00007f3c54043701 00007f3c541fc800 

Instructions: (pc=0x00007f3cb1b10e98)
0x00007f3cb1b10d98:   48 5b 41 5c 41 5d 41 5e 41 5f 5d c3 0f 1f 40 00
0x00007f3cb1b10da8:   44 8b 7f 6c 66 48 8d 3d 34 a1 f3 00 66 66 48 e8
0x00007f3cb1b10db8:   94 7b da ff 48 8b 00 48 8b 80 e8 04 00 00 48 8b
0x00007f3cb1b10dc8:   80 88 00 00 00 48 8b 00 4c 8b 70 18 49 81 fe 7f
0x00007f3cb1b10dd8:   ff ff ff 76 20 48 8d 15 d8 98 a0 00 48 89 c7 be
0x00007f3cb1b10de8:   80 00 00 00 48 89 45 a8 e8 db 45 f4 ff 48 8b 45
0x00007f3cb1b10df8:   a8 4c 8b 70 18 49 8d 96 80 00 00 00 48 3b 50 20
0x00007f3cb1b10e08:   0f 87 ea 02 00 00 48 89 50 18 4d 85 f6 74 13 44
0x00007f3cb1b10e18:   89 f9 ba 06 00 00 00 4c 89 ee 4c 89 f7 e8 c6 96
0x00007f3cb1b10e28:   07 00 49 8b 06 8b 53 6c 48 8d 7d b0 48 8b 70 18
0x00007f3cb1b10e38:   e8 53 09 0c 00 80 7d c0 00 0f 84 79 01 00 00 41
0x00007f3cb1b10e48:   8b 7e 18 85 ff 0f 8e 6d 01 00 00 31 c9 41 b8 01
0x00007f3cb1b10e58:   00 00 00 eb 1a 0f 1f 00 48 8b 42 18 83 78 0c 08
0x00007f3cb1b10e68:   74 34 8b 40 08 01 c1 39 cf 0f 8e 49 01 00 00 49
0x00007f3cb1b10e78:   8b 56 30 48 63 c1 48 8d 34 c2 48 8b 16 48 85 d2
0x00007f3cb1b10e88:   74 25 4c 8b 4d b0 48 c1 e8 06 4d 89 c2 49 d3 e2
0x00007f3cb1b10e98:   4d 85 14 c1 75 c2 48 c7 06 00 00 00 00 48 8b 42
0x00007f3cb1b10ea8:   18 83 78 0c 08 75 bb b8 01 00 00 00 eb b7 66 2e
0x00007f3cb1b10eb8:   0f 1f 84 00 00 00 00 00 41 8b 46 38 45 31 ff 85
0x00007f3cb1b10ec8:   c0 89 45 94 7e 5f 66 90 49 8b 56 50 49 63 c7 4c
0x00007f3cb1b10ed8:   8b 04 c2 49 8b 55 50 48 8b 0c c2 49 8b 00 4c 89
0x00007f3cb1b10ee8:   c7 4c 89 45 98 48 89 4d a0 ff 50 10 4c 8b 45 98
0x00007f3cb1b10ef8:   4c 3b 45 a0 74 21 48 85 c0 74 06 48 3b 58 58 74
0x00007f3cb1b10f08:   16 44 89 fa 48 89 de 4c 89 f7 4c 89 45 a0 e8 55
0x00007f3cb1b10f18:   92 07 00 4c 8b 45 a0 49 8b 40 18 44 03 78 08 44
0x00007f3cb1b10f28:   3b 7d 94 7c a3 41 8b 46 18 85 c0 89 45 94 7f 6a
0x00007f3cb1b10f38:   e9 54 fe ff ff 0f 1f 00 49 8b 45 30 48 89 55 98
0x00007f3cb1b10f48:   4c 89 ff 4c 8b 0c d0 49 8b 07 4c 89 4d a0 ff 50
0x00007f3cb1b10f58:   10 4c 8b 4d a0 48 8b 55 98 4d 85 c9 74 14 49 8b
0x00007f3cb1b10f68:   71 18 8b 7e 0c 49 8b 77 18 3b 7e 0c 0f 84 46 01
0x00007f3cb1b10f78:   00 00 49 8b 46 30 48 c7 04 d0 00 00 00 00 49 8b
0x00007f3cb1b10f88:   77 18 8b 7e 0c 83 ff 08 74 20 8b 46 08 41 01 c4 


Stack slot to memory mapping:
stack at sp + 0 slots: 0x00007f3c54043a60 points into unknown readable memory: 02 00 00 00 02 00 00 00
stack at sp + 1 slots: 0x00007f3c54043a60 points into unknown readable memory: 02 00 00 00 02 00 00 00
stack at sp + 2 slots: 0x00007f3c7d6fcfe0 is pointing into the stack for thread: 0x00007f3cac133800
stack at sp + 3 slots: 0x00007f3cb1af5201: <offset 0x00000000004ad201> in /home/vanshaj/.sdkman/candidates/java/11.0.8.hs-adpt/lib/server/libjvm.so at 0x00007f3cb1648000
stack at sp + 4 slots: 0x0 is NULL
stack at sp + 5 slots: 0x0 is NULL
stack at sp + 6 slots: 0x00007f3c54043701 points into unknown readable memory: 00 00 00 00 00 00 00
stack at sp + 7 slots: 0x00007f3c541fc800 points into unknown readable memory: 02 00 00 00 02 00 00 00


---------------  P R O C E S S  ---------------

Threads class SMR info:
_java_thread_list=0x00007f3c54234d90, length=10, elements={
0x00007f3cac027800, 0x00007f3cac115000, 0x00007f3cac119800, 0x00007f3cac12f000,
0x00007f3cac131000, 0x00007f3cac133800, 0x00007f3cac135800, 0x00007f3cac1e0800,
0x00007f3cac22a000, 0x00007f3c541d5000
}

Java Threads: ( => current thread )
  0x00007f3cac027800 JavaThread "main" [_thread_in_vm, id=5103, stack(0x00007f3cb13f8000,0x00007f3cb14f9000)]
  0x00007f3cac115000 JavaThread "Reference Handler" daemon [_thread_blocked, id=5110, stack(0x00007f3c94177000,0x00007f3c94278000)]
  0x00007f3cac119800 JavaThread "Finalizer" daemon [_thread_blocked, id=5111, stack(0x00007f3c94076000,0x00007f3c94177000)]
  0x00007f3cac12f000 JavaThread "Signal Dispatcher" daemon [_thread_blocked, id=5112, stack(0x00007f3c840ae000,0x00007f3c841af000)]
  0x00007f3cac131000 JavaThread "C2 CompilerThread0" daemon [_thread_blocked, id=5113, stack(0x00007f3c7d6ff000,0x00007f3c7d800000)]
=>0x00007f3cac133800 JavaThread "C1 CompilerThread0" daemon [_thread_in_native, id=5114, stack(0x00007f3c7d5fe000,0x00007f3c7d6ff000)]
  0x00007f3cac135800 JavaThread "Sweeper thread" daemon [_thread_blocked, id=5115, stack(0x00007f3c7d4fd000,0x00007f3c7d5fe000)]
  0x00007f3cac1e0800 JavaThread "Common-Cleaner" daemon [_thread_blocked, id=5116, stack(0x00007f3c7d3fc000,0x00007f3c7d4fd000)]
  0x00007f3cac22a000 JavaThread "Service Thread" daemon [_thread_blocked, id=5117, stack(0x00007f3c7d2fb000,0x00007f3c7d3fc000)]
  0x00007f3c541d5000 JavaThread "C2 CompilerThread1" daemon [_thread_in_native, id=5126, stack(0x00007f3c7c7ce000,0x00007f3c7c8cf000)]

Other Threads:
  0x00007f3cac10d000 VMThread "VM Thread" [stack: 0x00007f3c9427a000,0x00007f3c9437a000] [id=5109]
  0x00007f3cac22c800 WatcherThread [stack: 0x00007f3c7d1fb000,0x00007f3c7d2fb000] [id=5118]
  0x00007f3cac03f000 GCTaskThread "GC Thread#0" [stack: 0x00007f3cb089f000,0x00007f3cb099f000] [id=5104]
  0x00007f3c70001000 GCTaskThread "GC Thread#1" [stack: 0x00007f3c7ccd1000,0x00007f3c7cdd1000] [id=5123]
  0x00007f3cac08c000 ConcurrentGCThread "G1 Main Marker" [stack: 0x00007f3cb02cc000,0x00007f3cb03cc000] [id=5105]
  0x00007f3cac08e000 ConcurrentGCThread "G1 Conc#0" [stack: 0x00007f3cb01ca000,0x00007f3cb02ca000] [id=5106]
  0x00007f3cac0a7800 ConcurrentGCThread "G1 Refine#0" [stack: 0x00007f3c944ff000,0x00007f3c945ff000] [id=5107]
  0x00007f3cac0a9800 ConcurrentGCThread "G1 Young RemSet Sampling" [stack: 0x00007f3c943fd000,0x00007f3c944fd000] [id=5108]

Threads with active compile tasks:
C1 CompilerThread0    786  791   !   3       java.util.regex.Pattern::<init> (144 bytes)
C2 CompilerThread1    786  854       4       com.sun.tools.javac.util.SharedNameTable::fromUtf (174 bytes)

VM state:not at safepoint (normal execution)

VM Mutex/Monitor currently owned by a thread: None

Heap address: 0x00000006c8a00000, size: 4982 MB, Compressed Oops mode: Zero based, Oop shift amount: 3
Narrow klass base: 0x0000000800000000, Narrow klass shift: 0
Compressed class space size: 1073741824 Address: 0x0000000800000000

Heap:
 garbage-first heap   total 14336K, used 6231K [0x00000006c8a00000, 0x0000000800000000)
  region size 1024K, 4 young (4096K), 1 survivors (1024K)
 Metaspace       used 13966K, capacity 14256K, committed 14464K, reserved 1062912K
  class space    used 1499K, capacity 1586K, committed 1664K, reserved 1048576K
Heap Regions: E=young(eden), S=young(survivor), O=old, HS=humongous(starts), HC=humongous(continues), CS=collection set, F=free, A=archive, TAMS=top-at-mark-start (previous, next)
|   0|0x00000006c8a00000, 0x00000006c8b00000, 0x00000006c8b00000|100%| O|  |TAMS 0x00000006c8a00000, 0x00000006c8a00000| Untracked 
|   1|0x00000006c8b00000, 0x00000006c8c00000, 0x00000006c8c00000|100%| O|  |TAMS 0x00000006c8b00000, 0x00000006c8b00000| Untracked 
|   2|0x00000006c8c00000, 0x00000006c8d00000, 0x00000006c8d00000|100%| O|  |TAMS 0x00000006c8c00000, 0x00000006c8c00000| Untracked 
|   3|0x00000006c8d00000, 0x00000006c8d3b400, 0x00000006c8e00000| 23%| O|  |TAMS 0x00000006c8d00000, 0x00000006c8d00000| Untracked 
|   4|0x00000006c8e00000, 0x00000006c8e00000, 0x00000006c8f00000|  0%| F|  |TAMS 0x00000006c8e00000, 0x00000006c8e00000| Untracked 
|   5|0x00000006c8f00000, 0x00000006c8f00000, 0x00000006c9000000|  0%| F|  |TAMS 0x00000006c8f00000, 0x00000006c8f00000| Untracked 
|   6|0x00000006c9000000, 0x00000006c9000000, 0x00000006c9100000|  0%| F|  |TAMS 0x00000006c9000000, 0x00000006c9000000| Untracked 
|   7|0x00000006c9100000, 0x00000006c9100000, 0x00000006c9200000|  0%| F|  |TAMS 0x00000006c9100000, 0x00000006c9100000| Untracked 
|   8|0x00000006c9200000, 0x00000006c9200000, 0x00000006c9300000|  0%| F|  |TAMS 0x00000006c9200000, 0x00000006c9200000| Untracked 
|   9|0x00000006c9300000, 0x00000006c9300000, 0x00000006c9400000|  0%| F|  |TAMS 0x00000006c9300000, 0x00000006c9300000| Untracked 
|  10|0x00000006c9400000, 0x00000006c94daaf8, 0x00000006c9500000| 85%| S|CS|TAMS 0x00000006c9400000, 0x00000006c9400000| Complete 
|  11|0x00000006c9500000, 0x00000006c9571eb8, 0x00000006c9600000| 44%| E|  |TAMS 0x00000006c9500000, 0x00000006c9500000| Complete 
|  12|0x00000006c9600000, 0x00000006c9700000, 0x00000006c9700000|100%| E|CS|TAMS 0x00000006c9600000, 0x00000006c9600000| Complete 
|  13|0x00000006c9700000, 0x00000006c9800000, 0x00000006c9800000|100%| E|CS|TAMS 0x00000006c9700000, 0x00000006c9700000| Complete 

Card table byte_map: [0x00007f3c8ec8a000,0x00007f3c8f645000] _byte_map_base: 0x00007f3c8b645000

Marking Bits (Prev, Next): (CMBitMap*) 0x00007f3cac077a38, (CMBitMap*) 0x00007f3cac077a70
 Prev Bits: [0x00007f3c894f7000, 0x00007f3c8e2cf000)
 Next Bits: [0x00007f3c8471f000, 0x00007f3c894f7000)

Polling page: 0x00007f3cb2f3f000

Metaspace:

Usage:
  Non-class:     12.37 MB capacity,    12.18 MB ( 98%) used,   172.72 KB (  1%) free+waste,    26.31 KB ( <1%) overhead. 
      Class:      1.55 MB capacity,     1.46 MB ( 95%) used,    73.99 KB (  5%) free+waste,    12.44 KB ( <1%) overhead. 
       Both:     13.92 MB capacity,    13.64 MB ( 98%) used,   246.71 KB (  2%) free+waste,    38.75 KB ( <1%) overhead. 

Virtual space:
  Non-class space:       14.00 MB reserved,      12.50 MB ( 89%) committed 
      Class space:        1.00 GB reserved,       1.62 MB ( <1%) committed 
             Both:        1.01 GB reserved,      14.12 MB (  1%) committed 

Chunk freelists:
   Non-Class:  74.00 KB
       Class:  14.00 KB
        Both:  88.00 KB

MaxMetaspaceSize: unlimited
CompressedClassSpaceSize: 1.00 GB

CodeHeap 'non-profiled nmethods': size=120032Kb used=280Kb max_used=280Kb free=119751Kb
 bounds [0x00007f3c9c3ca000, 0x00007f3c9c63a000, 0x00007f3ca3902000]
CodeHeap 'profiled nmethods': size=120032Kb used=1449Kb max_used=1449Kb free=118582Kb
 bounds [0x00007f3c94e92000, 0x00007f3c95102000, 0x00007f3c9c3ca000]
CodeHeap 'non-nmethods': size=5696Kb used=1059Kb max_used=1074Kb free=4636Kb
 bounds [0x00007f3c94902000, 0x00007f3c94b72000, 0x00007f3c94e92000]
 total_blobs=1193 nmethods=823 adapters=283
 compilation: enabled
              stopped_count=0, restarted_count=0
 full_count=0

Compilation events (20 events):
Event: 0.682 Thread 0x00007f3cac133800 nmethod 778 0x00007f3c94ff9290 code [0x00007f3c94ff9460, 0x00007f3c94ff9720]
Event: 0.682 Thread 0x00007f3cac133800  779       3       com.sun.tools.javac.file.Locations::getHandler (33 bytes)
Event: 0.683 Thread 0x00007f3cac131000 nmethod 765 0x00007f3c9c401a90 code [0x00007f3c9c401c20, 0x00007f3c9c401cd8]
Event: 0.683 Thread 0x00007f3cac131000  767       4       java.util.regex.Pattern::unread (11 bytes)
Event: 0.683 Thread 0x00007f3cac131000 nmethod 767 0x00007f3c9c401f90 code [0x00007f3c9c402120, 0x00007f3c9c402178]
Event: 0.683 Thread 0x00007f3cac133800 nmethod 779 0x00007f3c94ff9810 code [0x00007f3c94ff9a00, 0x00007f3c94ffa090]
Event: 0.683 Thread 0x00007f3cac131000  742       4       jdk.internal.jimage.BasicImageReader::getString (48 bytes)
Event: 0.683 Thread 0x00007f3cac133800  783       3       java.util.ArrayList::iterator (9 bytes)
Event: 0.683 Thread 0x00007f3cac133800 nmethod 783 0x00007f3c94ffa210 code [0x00007f3c94ffa3e0, 0x00007f3c94ffa670]
Event: 0.683 Thread 0x00007f3cac133800  786       3       java.util.ArrayList$Itr::<init> (26 bytes)
Event: 0.683 Thread 0x00007f3cac133800 nmethod 786 0x00007f3c94ffa790 code [0x00007f3c94ffa940, 0x00007f3c94ffab10]
Event: 0.683 Thread 0x00007f3cac133800  788       3       java.lang.Character::isHighSurrogate (18 bytes)
Event: 0.684 Thread 0x00007f3cac133800 nmethod 788 0x00007f3c94ffac10 code [0x00007f3c94ffadc0, 0x00007f3c94ffaf30]
Event: 0.684 Thread 0x00007f3cac133800  776   !   3       java.util.regex.Pattern::matcher (44 bytes)
Event: 0.684 Thread 0x00007f3cac133800 nmethod 776 0x00007f3c94ffaf90 code [0x00007f3c94ffb160, 0x00007f3c94ffb5b0]
Event: 0.684 Thread 0x00007f3cac133800  784       3       java.lang.Character::codePointAt (51 bytes)
Event: 0.685 Thread 0x00007f3cac133800 nmethod 784 0x00007f3c94ffb710 code [0x00007f3c94ffb920, 0x00007f3c94ffbf80]
Event: 0.685 Thread 0x00007f3cac133800  790       3       java.util.regex.Pattern::compile (10 bytes)
Event: 0.685 Thread 0x00007f3cac133800 nmethod 790 0x00007f3c94ffc110 code [0x00007f3c94ffc2c0, 0x00007f3c94ffc460]
Event: 0.685 Thread 0x00007f3cac133800  791   !   3       java.util.regex.Pattern::<init> (144 bytes)

GC Heap History (14 events):
Event: 0.262 GC heap before
{Heap before GC invocations=0 (full 0):
 garbage-first heap   total 8192K, used 3072K [0x00000006c8a00000, 0x0000000800000000)
  region size 1024K, 3 young (3072K), 0 survivors (0K)
 Metaspace       used 7958K, capacity 8183K, committed 8320K, reserved 1056768K
  class space    used 765K, capacity 838K, committed 896K, reserved 1048576K
}
Event: 0.265 GC heap after
{Heap after GC invocations=1 (full 0):
 garbage-first heap   total 8192K, used 1349K [0x00000006c8a00000, 0x0000000800000000)
  region size 1024K, 1 young (1024K), 1 survivors (1024K)
 Metaspace       used 7958K, capacity 8183K, committed 8320K, reserved 1056768K
  class space    used 765K, capacity 838K, committed 896K, reserved 1048576K
}
Event: 0.369 GC heap before
{Heap before GC invocations=1 (full 0):
 garbage-first heap   total 8192K, used 2373K [0x00000006c8a00000, 0x0000000800000000)
  region size 1024K, 2 young (2048K), 1 survivors (1024K)
 Metaspace       used 10161K, capacity 10357K, committed 10624K, reserved 1058816K
  class space    used 1063K, capacity 1137K, committed 1152K, reserved 1048576K
}
Event: 0.372 GC heap after
{Heap after GC invocations=2 (full 0):
 garbage-first heap   total 8192K, used 1620K [0x00000006c8a00000, 0x0000000800000000)
  region size 1024K, 1 young (1024K), 1 survivors (1024K)
 Metaspace       used 10161K, capacity 10357K, committed 10624K, reserved 1058816K
  class space    used 1063K, capacity 1137K, committed 1152K, reserved 1048576K
}
Event: 0.431 GC heap before
{Heap before GC invocations=2 (full 0):
 garbage-first heap   total 8192K, used 2644K [0x00000006c8a00000, 0x0000000800000000)
  region size 1024K, 2 young (2048K), 1 survivors (1024K)
 Metaspace       used 11290K, capacity 11555K, committed 11904K, reserved 1060864K
  class space    used 1221K, capacity 1326K, committed 1408K, reserved 1048576K
}
Event: 0.432 GC heap after
{Heap after GC invocations=3 (full 0):
 garbage-first heap   total 8192K, used 2019K [0x00000006c8a00000, 0x0000000800000000)
  region size 1024K, 1 young (1024K), 1 survivors (1024K)
 Metaspace       used 11290K, capacity 11555K, committed 11904K, reserved 1060864K
  class space    used 1221K, capacity 1326K, committed 1408K, reserved 1048576K
}
Event: 0.527 GC heap before
{Heap before GC invocations=3 (full 0):
 garbage-first heap   total 8192K, used 3043K [0x00000006c8a00000, 0x0000000800000000)
  region size 1024K, 2 young (2048K), 1 survivors (1024K)
 Metaspace       used 12918K, capacity 13156K, committed 13312K, reserved 1060864K
  class space    used 1394K, capacity 1476K, committed 1536K, reserved 1048576K
}
Event: 0.529 GC heap after
{Heap after GC invocations=4 (full 0):
 garbage-first heap   total 8192K, used 2345K [0x00000006c8a00000, 0x0000000800000000)
  region size 1024K, 1 young (1024K), 1 survivors (1024K)
 Metaspace       used 12918K, capacity 13156K, committed 13312K, reserved 1060864K
  class space    used 1394K, capacity 1476K, committed 1536K, reserved 1048576K
}
Event: 0.564 GC heap before
{Heap before GC invocations=4 (full 0):
 garbage-first heap   total 8192K, used 3369K [0x00000006c8a00000, 0x0000000800000000)
  region size 1024K, 2 young (2048K), 1 survivors (1024K)
 Metaspace       used 13118K, capacity 13372K, committed 13568K, reserved 1060864K
  class space    used 1414K, capacity 1484K, committed 1536K, reserved 1048576K
}
Event: 0.567 GC heap after
{Heap after GC invocations=5 (full 0):
 garbage-first heap   total 10240K, used 2656K [0x00000006c8a00000, 0x0000000800000000)
  region size 1024K, 1 young (1024K), 1 survivors (1024K)
 Metaspace       used 13118K, capacity 13372K, committed 13568K, reserved 1060864K
  class space    used 1414K, capacity 1484K, committed 1536K, reserved 1048576K
}
Event: 0.620 GC heap before
{Heap before GC invocations=5 (full 0):
 garbage-first heap   total 10240K, used 4704K [0x00000006c8a00000, 0x0000000800000000)
  region size 1024K, 3 young (3072K), 1 survivors (1024K)
 Metaspace       used 13487K, capacity 13782K, committed 14080K, reserved 1062912K
  class space    used 1451K, capacity 1536K, committed 1536K, reserved 1048576K
}
Event: 0.625 GC heap after
{Heap after GC invocations=6 (full 0):
 garbage-first heap   total 10240K, used 3359K [0x00000006c8a00000, 0x0000000800000000)
  region size 1024K, 1 young (1024K), 1 survivors (1024K)
 Metaspace       used 13487K, capacity 13782K, committed 14080K, reserved 1062912K
  class space    used 1451K, capacity 1536K, committed 1536K, reserved 1048576K
}
Event: 0.664 GC heap before
{Heap before GC invocations=6 (full 0):
 garbage-first heap   total 10240K, used 5407K [0x00000006c8a00000, 0x0000000800000000)
  region size 1024K, 3 young (3072K), 1 survivors (1024K)
 Metaspace       used 13546K, capacity 13846K, committed 14080K, reserved 1062912K
  class space    used 1451K, capacity 1536K, committed 1536K, reserved 1048576K
}
Event: 0.668 GC heap after
{Heap after GC invocations=7 (full 0):
 garbage-first heap   total 10240K, used 3653K [0x00000006c8a00000, 0x0000000800000000)
  region size 1024K, 1 young (1024K), 1 survivors (1024K)
 Metaspace       used 13546K, capacity 13846K, committed 14080K, reserved 1062912K
  class space    used 1451K, capacity 1536K, committed 1536K, reserved 1048576K
}

Deoptimization events (20 events):
Event: 0.222 Thread 0x00007f3cac027800 Uncommon trap: trap_request=0xffffffc6 fr.pc=0x00007f3c9c3d4194 relative=0x0000000000000074
Event: 0.222 Thread 0x00007f3cac027800 Uncommon trap: reason=bimorphic_or_optimized_type_check action=maybe_recompile pc=0x00007f3c9c3d4194 method=java.util.AbstractCollection.isEmpty()Z @ 1 c2
Event: 0.222 Thread 0x00007f3cac027800 DEOPT PACKING pc=0x00007f3c9c3d4194 sp=0x00007f3cb14f7210
Event: 0.222 Thread 0x00007f3cac027800 DEOPT UNPACKING pc=0x00007f3c949287a5 sp=0x00007f3cb14f71c0 mode 2
Event: 0.222 Thread 0x00007f3cac027800 Uncommon trap: trap_request=0xffffffc6 fr.pc=0x00007f3c9c3d4194 relative=0x0000000000000074
Event: 0.222 Thread 0x00007f3cac027800 Uncommon trap: reason=bimorphic_or_optimized_type_check action=maybe_recompile pc=0x00007f3c9c3d4194 method=java.util.AbstractCollection.isEmpty()Z @ 1 c2
Event: 0.222 Thread 0x00007f3cac027800 DEOPT PACKING pc=0x00007f3c9c3d4194 sp=0x00007f3cb14f7210
Event: 0.222 Thread 0x00007f3cac027800 DEOPT UNPACKING pc=0x00007f3c949287a5 sp=0x00007f3cb14f71c0 mode 2
Event: 0.396 Thread 0x00007f3cac027800 Uncommon trap: trap_request=0xffffff4d fr.pc=0x00007f3c9c3e523c relative=0x000000000000047c
Event: 0.396 Thread 0x00007f3cac027800 Uncommon trap: reason=unstable_if action=reinterpret pc=0x00007f3c9c3e523c method=java.lang.StringLatin1.replace([BCC)Ljava/lang/String; @ 19 c2
Event: 0.396 Thread 0x00007f3cac027800 DEOPT PACKING pc=0x00007f3c9c3e523c sp=0x00007f3cb14f6320
Event: 0.396 Thread 0x00007f3cac027800 DEOPT UNPACKING pc=0x00007f3c949287a5 sp=0x00007f3cb14f62b0 mode 2
Event: 0.402 Thread 0x00007f3cac027800 Uncommon trap: trap_request=0xffffff4d fr.pc=0x00007f3c9c3d61d0 relative=0x0000000000000d50
Event: 0.402 Thread 0x00007f3cac027800 Uncommon trap: reason=unstable_if action=reinterpret pc=0x00007f3c9c3d61d0 method=java.util.HashMap.putVal(ILjava/lang/Object;Ljava/lang/Object;ZZ)Ljava/lang/Object; @ 181 c2
Event: 0.402 Thread 0x00007f3cac027800 DEOPT PACKING pc=0x00007f3c9c3d61d0 sp=0x00007f3cb14f7010
Event: 0.402 Thread 0x00007f3cac027800 DEOPT UNPACKING pc=0x00007f3c949287a5 sp=0x00007f3cb14f6fb0 mode 2
Event: 0.615 Thread 0x00007f3cac027800 Uncommon trap: trap_request=0xffffffde fr.pc=0x00007f3c9c3f55f0 relative=0x0000000000000490
Event: 0.615 Thread 0x00007f3cac027800 Uncommon trap: reason=class_check action=maybe_recompile pc=0x00007f3c9c3f55f0 method=java.util.HashMap.getNode(ILjava/lang/Object;)Ljava/util/HashMap$Node; @ 126 c2
Event: 0.615 Thread 0x00007f3cac027800 DEOPT PACKING pc=0x00007f3c9c3f55f0 sp=0x00007f3cb14f6c30
Event: 0.615 Thread 0x00007f3cac027800 DEOPT UNPACKING pc=0x00007f3c949287a5 sp=0x00007f3cb14f6bc8 mode 2

Classes redefined (0 events):
No events

Internal exceptions (7 events):
Event: 0.228 Thread 0x00007f3cac027800 Exception <a 'java/lang/NoSuchMethodError'{0x00000006c8f5efc0}: 'int java.lang.invoke.DirectMethodHandle$Holder.invokeVirtual(java.lang.Object, java.lang.Object, java.lang.Object)'> (0x00000006c8f5efc0) thrown at [./src/hotspot/share/interpreter/linkResolver.cpp, line 773]
Event: 0.309 Thread 0x00007f3cac027800 Exception <a 'java/lang/NoSuchMethodError'{0x00000006c91808d8}: 'int java.lang.invoke.DirectMethodHandle$Holder.invokeStaticInit(java.lang.Object, java.lang.Object)'> (0x00000006c91808d8) thrown at [./src/hotspot/share/interpreter/linkResolver.cpp, line 773]
Event: 0.389 Thread 0x00007f3cac027800 Exception <a 'java/lang/NoSuchMethodError'{0x00000006c9154e60}: 'int java.lang.invoke.DirectMethodHandle$Holder.invokeVirtual(java.lang.Object, java.lang.Object)'> (0x00000006c9154e60) thrown at [./src/hotspot/share/interpreter/linkResolver.cpp, line 773]
Event: 0.399 Thread 0x00007f3cac027800 Exception <a 'java/lang/NoSuchMethodError'{0x00000006c9186d38}: 'java.lang.Object java.lang.invoke.Invokers$Holder.linkToTargetMethod(java.lang.Object, java.lang.Object, java.lang.Object, java.lang.Object, java.lang.Object, java.lang.Object)'> (0x00000006c9186d38) thrown at [./src/hotspot/share/interpreter/linkResolver.cpp, line 773]
Event: 0.467 Thread 0x00007f3cac027800 Exception <a 'java/lang/NoSuchMethodError'{0x00000006c9166080}: 'int java.lang.invoke.DirectMethodHandle$Holder.invokeSpecialIFC(java.lang.Object, java.lang.Object, int)'> (0x00000006c9166080) thrown at [./src/hotspot/share/interpreter/linkResolver.cpp, line 773]
Event: 0.548 Thread 0x00007f3cac027800 Exception <a 'java/lang/NoSuchMethodError'{0x00000006c91981a0}: 'int java.lang.invoke.DirectMethodHandle$Holder.invokeSpecial(java.lang.Object, java.lang.Object, java.lang.Object, java.lang.Object)'> (0x00000006c91981a0) thrown at [./src/hotspot/share/interpreter/linkResolver.cpp, line 773]
Event: 0.598 Thread 0x00007f3cac027800 Exception <a 'java/lang/NoSuchMethodError'{0x00000006c9214e80}: 'int java.lang.invoke.DirectMethodHandle$Holder.invokeSpecial(java.lang.Object, java.lang.Object, java.lang.Object, java.lang.Object, java.lang.Object)'> (0x00000006c9214e80) thrown at [./src/hotspot/share/interpreter/linkResolver.cpp, line 773]

Events (20 events):
Event: 0.663 Executing VM operation: G1CollectForAllocation
Event: 0.668 Executing VM operation: G1CollectForAllocation done
Event: 0.680 loading class com/sun/tools/javac/code/Scope$LookupKind
Event: 0.680 loading class com/sun/tools/javac/code/Scope$LookupKind done
Event: 0.680 loading class com/sun/tools/javac/code/Scope$ScopeImpl
Event: 0.680 loading class com/sun/tools/javac/code/Scope$ScopeImpl done
Event: 0.682 loading class com/sun/tools/javac/code/Directive$RequiresDirective
Event: 0.682 loading class com/sun/tools/javac/code/Directive$RequiresDirective done
Event: 0.682 loading class com/sun/tools/javac/code/Directive$RequiresDirective
Event: 0.682 loading class com/sun/tools/javac/code/Directive$RequiresDirective done
Event: 0.682 loading class com/sun/tools/javac/code/Symbol$ModuleSymbol
Event: 0.682 loading class com/sun/tools/javac/code/Symbol$ModuleSymbol done
Event: 0.683 loading class com/sun/tools/javac/code/Symbol$ModuleSymbol
Event: 0.683 loading class com/sun/tools/javac/code/Symbol$ModuleSymbol done
Event: 0.683 loading class com/sun/tools/javac/code/Symtab
Event: 0.683 loading class com/sun/tools/javac/code/Symtab done
Event: 0.685 loading class com/sun/tools/javac/code/Symbol$ModuleSymbol
Event: 0.685 loading class com/sun/tools/javac/code/Symbol$ModuleSymbol done
Event: 0.685 loading class com/sun/tools/javac/code/Symbol$ModuleSymbol
Event: 0.685 loading class com/sun/tools/javac/code/Symbol$ModuleSymbol done


Dynamic libraries:
6c8a00000-6c9800000 rw-p 00000000 00:00 0 
6c9800000-800000000 ---p 00000000 00:00 0 
800000000-8001a0000 rw-p 00000000 00:00 0 
8001a0000-840000000 ---p 00000000 00:00 0 
5635a98d7000-5635a98d8000 r-xp 00000000 08:0a 1584545                    /home/vanshaj/.sdkman/candidates/java/11.0.8.hs-adpt/bin/javac
5635a9ad8000-5635a9ad9000 r--p 00001000 08:0a 1584545                    /home/vanshaj/.sdkman/candidates/java/11.0.8.hs-adpt/bin/javac
5635a9ad9000-5635a9ada000 rw-p 00002000 08:0a 1584545                    /home/vanshaj/.sdkman/candidates/java/11.0.8.hs-adpt/bin/javac
5635aa4f5000-5635aa516000 rw-p 00000000 00:00 0                          [heap]
7f3c3c000000-7f3c3c111000 rw-p 00000000 00:00 0 
7f3c3c111000-7f3c40000000 ---p 00000000 00:00 0 
7f3c44000000-7f3c44021000 rw-p 00000000 00:00 0 
7f3c44021000-7f3c48000000 ---p 00000000 00:00 0 
7f3c48000000-7f3c48021000 rw-p 00000000 00:00 0 
7f3c48021000-7f3c4c000000 ---p 00000000 00:00 0 
7f3c4c000000-7f3c4c021000 rw-p 00000000 00:00 0 
7f3c4c021000-7f3c50000000 ---p 00000000 00:00 0 
7f3c50000000-7f3c50021000 rw-p 00000000 00:00 0 
7f3c50021000-7f3c54000000 ---p 00000000 00:00 0 
7f3c54000000-7f3c5429f000 rw-p 00000000 00:00 0 
7f3c5429f000-7f3c58000000 ---p 00000000 00:00 0 
7f3c58000000-7f3c58021000 rw-p 00000000 00:00 0 
7f3c58021000-7f3c5c000000 ---p 00000000 00:00 0 
7f3c5c000000-7f3c5c021000 rw-p 00000000 00:00 0 
7f3c5c021000-7f3c60000000 ---p 00000000 00:00 0 
7f3c60000000-7f3c60419000 rw-p 00000000 00:00 0 
7f3c60419000-7f3c64000000 ---p 00000000 00:00 0 
7f3c64000000-7f3c64021000 rw-p 00000000 00:00 0 
7f3c64021000-7f3c68000000 ---p 00000000 00:00 0 
7f3c68000000-7f3c68021000 rw-p 00000000 00:00 0 
7f3c68021000-7f3c6c000000 ---p 00000000 00:00 0 
7f3c6c000000-7f3c6c021000 rw-p 00000000 00:00 0 
7f3c6c021000-7f3c70000000 ---p 00000000 00:00 0 
7f3c70000000-7f3c70021000 rw-p 00000000 00:00 0 
7f3c70021000-7f3c74000000 ---p 00000000 00:00 0 
7f3c74000000-7f3c74021000 rw-p 00000000 00:00 0 
7f3c74021000-7f3c78000000 ---p 00000000 00:00 0 
7f3c78000000-7f3c78021000 rw-p 00000000 00:00 0 
7f3c78021000-7f3c7c000000 ---p 00000000 00:00 0 
7f3c7c243000-7f3c7c64e000 rw-p 00000000 00:00 0 
7f3c7c64e000-7f3c7c7ce000 ---p 00000000 00:00 0 
7f3c7c7ce000-7f3c7c7d2000 ---p 00000000 00:00 0 
7f3c7c7d2000-7f3c7cacf000 rw-p 00000000 00:00 0 
7f3c7cacf000-7f3c7cccf000 rw-p 00000000 00:00 0 
7f3c7cccf000-7f3c7ccd0000 ---p 00000000 00:00 0 
7f3c7ccd0000-7f3c7cdd1000 rw-p 00000000 00:00 0 
7f3c7cdd1000-7f3c7cde7000 r-xp 00000000 08:0a 1845488                    /home/vanshaj/.sdkman/candidates/java/11.0.8.hs-adpt/lib/libnet.so
7f3c7cde7000-7f3c7cfe6000 ---p 00016000 08:0a 1845488                    /home/vanshaj/.sdkman/candidates/java/11.0.8.hs-adpt/lib/libnet.so
7f3c7cfe6000-7f3c7cfe7000 r--p 00015000 08:0a 1845488                    /home/vanshaj/.sdkman/candidates/java/11.0.8.hs-adpt/lib/libnet.so
7f3c7cfe7000-7f3c7cfe8000 rw-p 00016000 08:0a 1845488                    /home/vanshaj/.sdkman/candidates/java/11.0.8.hs-adpt/lib/libnet.so
7f3c7cfe8000-7f3c7cff7000 r-xp 00000000 08:0a 1845471                    /home/vanshaj/.sdkman/candidates/java/11.0.8.hs-adpt/lib/libnio.so
7f3c7cff7000-7f3c7d1f7000 ---p 0000f000 08:0a 1845471                    /home/vanshaj/.sdkman/candidates/java/11.0.8.hs-adpt/lib/libnio.so
7f3c7d1f7000-7f3c7d1f8000 r--p 0000f000 08:0a 1845471                    /home/vanshaj/.sdkman/candidates/java/11.0.8.hs-adpt/lib/libnio.so
7f3c7d1f8000-7f3c7d1f9000 rw-p 00010000 08:0a 1845471                    /home/vanshaj/.sdkman/candidates/java/11.0.8.hs-adpt/lib/libnio.so
7f3c7d1f9000-7f3c7d1fa000 ---p 00000000 00:00 0 
7f3c7d1fa000-7f3c7d2fb000 rw-p 00000000 00:00 0 
7f3c7d2fb000-7f3c7d2ff000 ---p 00000000 00:00 0 
7f3c7d2ff000-7f3c7d3fc000 rw-p 00000000 00:00 0 
7f3c7d3fc000-7f3c7d400000 ---p 00000000 00:00 0 
7f3c7d400000-7f3c7d4fd000 rw-p 00000000 00:00 0 
7f3c7d4fd000-7f3c7d501000 ---p 00000000 00:00 0 
7f3c7d501000-7f3c7d5fe000 rw-p 00000000 00:00 0 
7f3c7d5fe000-7f3c7d602000 ---p 00000000 00:00 0 
7f3c7d602000-7f3c7d6ff000 rw-p 00000000 00:00 0 
7f3c7d6ff000-7f3c7d703000 ---p 00000000 00:00 0 
7f3c7d703000-7f3c80000000 rw-p 00000000 00:00 0 
7f3c80000000-7f3c80021000 rw-p 00000000 00:00 0 
7f3c80021000-7f3c84000000 ---p 00000000 00:00 0 
7f3c840ae000-7f3c840b2000 ---p 00000000 00:00 0 
7f3c840b2000-7f3c841af000 rw-p 00000000 00:00 0 
7f3c841af000-7f3c8471f000 r--p 00000000 08:0a 264882                     /usr/lib/locale/locale-archive
7f3c8471f000-7f3c84757000 rw-p 00000000 00:00 0 
7f3c84757000-7f3c894f7000 ---p 00000000 00:00 0 
7f3c894f7000-7f3c8952f000 rw-p 00000000 00:00 0 
7f3c8952f000-7f3c8e2cf000 ---p 00000000 00:00 0 
7f3c8e2cf000-7f3c8e2d6000 rw-p 00000000 00:00 0 
7f3c8e2d6000-7f3c8ec8a000 ---p 00000000 00:00 0 
7f3c8ec8a000-7f3c8ec91000 rw-p 00000000 00:00 0 
7f3c8ec91000-7f3c8f645000 ---p 00000000 00:00 0 
7f3c8f645000-7f3c8f64c000 rw-p 00000000 00:00 0 
7f3c8f64c000-7f3c90000000 ---p 00000000 00:00 0 
7f3c90000000-7f3c90021000 rw-p 00000000 00:00 0 
7f3c90021000-7f3c94000000 ---p 00000000 00:00 0 
7f3c94076000-7f3c9407a000 ---p 00000000 00:00 0 
7f3c9407a000-7f3c94177000 rw-p 00000000 00:00 0 
7f3c94177000-7f3c9417b000 ---p 00000000 00:00 0 
7f3c9417b000-7f3c94278000 rw-p 00000000 00:00 0 
7f3c94278000-7f3c94279000 ---p 00000000 00:00 0 
7f3c94279000-7f3c943fb000 rw-p 00000000 00:00 0 
7f3c943fb000-7f3c943fc000 ---p 00000000 00:00 0 
7f3c943fc000-7f3c944fd000 rw-p 00000000 00:00 0 
7f3c944fd000-7f3c944fe000 ---p 00000000 00:00 0 
7f3c944fe000-7f3c94902000 rw-p 00000000 00:00 0 
7f3c94902000-7f3c94b72000 rwxp 00000000 00:00 0 
7f3c94b72000-7f3c94e92000 ---p 00000000 00:00 0 
7f3c94e92000-7f3c95102000 rwxp 00000000 00:00 0 
7f3c95102000-7f3c9c3ca000 ---p 00000000 00:00 0 
7f3c9c3ca000-7f3c9c63a000 rwxp 00000000 00:00 0 
7f3c9c63a000-7f3ca3902000 ---p 00000000 00:00 0 
7f3ca3902000-7f3cac000000 r--s 00000000 08:0a 1845459                    /home/vanshaj/.sdkman/candidates/java/11.0.8.hs-adpt/lib/modules
7f3cac000000-7f3cac592000 rw-p 00000000 00:00 0 
7f3cac592000-7f3cb0000000 ---p 00000000 00:00 0 
7f3cb0002000-7f3cb01c8000 rw-p 00000000 00:00 0 
7f3cb01c8000-7f3cb01c9000 ---p 00000000 00:00 0 
7f3cb01c9000-7f3cb02ca000 rw-p 00000000 00:00 0 
7f3cb02ca000-7f3cb02cb000 ---p 00000000 00:00 0 
7f3cb02cb000-7f3cb089d000 rw-p 00000000 00:00 0 
7f3cb089d000-7f3cb089e000 ---p 00000000 00:00 0 
7f3cb089e000-7f3cb09a4000 rw-p 00000000 00:00 0 
7f3cb09a4000-7f3cb0a8a000 ---p 00000000 00:00 0 
7f3cb0a8a000-7f3cb0a8f000 rw-p 00000000 00:00 0 
7f3cb0a8f000-7f3cb0b75000 ---p 00000000 00:00 0 
7f3cb0b75000-7f3cb0b7a000 rw-p 00000000 00:00 0 
7f3cb0b7a000-7f3cb0b81000 ---p 00000000 00:00 0 
7f3cb0b81000-7f3cb0b88000 r-xp 00000000 08:0a 1845469                    /home/vanshaj/.sdkman/candidates/java/11.0.8.hs-adpt/lib/libzip.so
7f3cb0b88000-7f3cb0d87000 ---p 00007000 08:0a 1845469                    /home/vanshaj/.sdkman/candidates/java/11.0.8.hs-adpt/lib/libzip.so
7f3cb0d87000-7f3cb0d88000 r--p 00006000 08:0a 1845469                    /home/vanshaj/.sdkman/candidates/java/11.0.8.hs-adpt/lib/libzip.so
7f3cb0d88000-7f3cb0d89000 rw-p 00007000 08:0a 1845469                    /home/vanshaj/.sdkman/candidates/java/11.0.8.hs-adpt/lib/libzip.so
7f3cb0d89000-7f3cb0d91000 rw-s 00000000 08:0a 2096348                    /tmp/hsperfdata_vanshaj/5102
7f3cb0d91000-7f3cb0dac000 r-xp 00000000 08:0a 1845506                    /home/vanshaj/.sdkman/candidates/java/11.0.8.hs-adpt/lib/libjimage.so
7f3cb0dac000-7f3cb0fac000 ---p 0001b000 08:0a 1845506                    /home/vanshaj/.sdkman/candidates/java/11.0.8.hs-adpt/lib/libjimage.so
7f3cb0fac000-7f3cb0fae000 r--p 0001b000 08:0a 1845506                    /home/vanshaj/.sdkman/candidates/java/11.0.8.hs-adpt/lib/libjimage.so
7f3cb0fae000-7f3cb0faf000 rw-p 0001d000 08:0a 1845506                    /home/vanshaj/.sdkman/candidates/java/11.0.8.hs-adpt/lib/libjimage.so
7f3cb0faf000-7f3cb0fd7000 r-xp 00000000 08:0a 1845499                    /home/vanshaj/.sdkman/candidates/java/11.0.8.hs-adpt/lib/libjava.so
7f3cb0fd7000-7f3cb11d7000 ---p 00028000 08:0a 1845499                    /home/vanshaj/.sdkman/candidates/java/11.0.8.hs-adpt/lib/libjava.so
7f3cb11d7000-7f3cb11d8000 r--p 00028000 08:0a 1845499                    /home/vanshaj/.sdkman/candidates/java/11.0.8.hs-adpt/lib/libjava.so
7f3cb11d8000-7f3cb11d9000 rw-p 00029000 08:0a 1845499                    /home/vanshaj/.sdkman/candidates/java/11.0.8.hs-adpt/lib/libjava.so
7f3cb11d9000-7f3cb11da000 rw-p 00000000 00:00 0 
7f3cb11da000-7f3cb11eb000 r-xp 00000000 08:0a 1845458                    /home/vanshaj/.sdkman/candidates/java/11.0.8.hs-adpt/lib/libverify.so
7f3cb11eb000-7f3cb13ea000 ---p 00011000 08:0a 1845458                    /home/vanshaj/.sdkman/candidates/java/11.0.8.hs-adpt/lib/libverify.so
7f3cb13ea000-7f3cb13ec000 r--p 00010000 08:0a 1845458                    /home/vanshaj/.sdkman/candidates/java/11.0.8.hs-adpt/lib/libverify.so
7f3cb13ec000-7f3cb13ed000 rw-p 00012000 08:0a 1845458                    /home/vanshaj/.sdkman/candidates/java/11.0.8.hs-adpt/lib/libverify.so
7f3cb13ed000-7f3cb13f0000 r--p 00000000 08:0a 269168                     /usr/lib/x86_64-linux-gnu/librt-2.31.so
7f3cb13f0000-7f3cb13f4000 r-xp 00003000 08:0a 269168                     /usr/lib/x86_64-linux-gnu/librt-2.31.so
7f3cb13f4000-7f3cb13f5000 r--p 00007000 08:0a 269168                     /usr/lib/x86_64-linux-gnu/librt-2.31.so
7f3cb13f5000-7f3cb13f6000 ---p 00008000 08:0a 269168                     /usr/lib/x86_64-linux-gnu/librt-2.31.so
7f3cb13f6000-7f3cb13f7000 r--p 00008000 08:0a 269168                     /usr/lib/x86_64-linux-gnu/librt-2.31.so
7f3cb13f7000-7f3cb13f8000 rw-p 00009000 08:0a 269168                     /usr/lib/x86_64-linux-gnu/librt-2.31.so
7f3cb13f8000-7f3cb13fc000 ---p 00000000 00:00 0 
7f3cb13fc000-7f3cb14f9000 rw-p 00000000 00:00 0 
7f3cb14f9000-7f3cb1508000 r--p 00000000 08:0a 264703                     /usr/lib/x86_64-linux-gnu/libm-2.31.so
7f3cb1508000-7f3cb15af000 r-xp 0000f000 08:0a 264703                     /usr/lib/x86_64-linux-gnu/libm-2.31.so
7f3cb15af000-7f3cb1646000 r--p 000b6000 08:0a 264703                     /usr/lib/x86_64-linux-gnu/libm-2.31.so
7f3cb1646000-7f3cb1647000 r--p 0014c000 08:0a 264703                     /usr/lib/x86_64-linux-gnu/libm-2.31.so
7f3cb1647000-7f3cb1648000 rw-p 0014d000 08:0a 264703                     /usr/lib/x86_64-linux-gnu/libm-2.31.so
7f3cb1648000-7f3cb278c000 r-xp 00000000 08:0a 1845480                    /home/vanshaj/.sdkman/candidates/java/11.0.8.hs-adpt/lib/server/libjvm.so
7f3cb278c000-7f3cb298c000 ---p 01144000 08:0a 1845480                    /home/vanshaj/.sdkman/candidates/java/11.0.8.hs-adpt/lib/server/libjvm.so
7f3cb298c000-7f3cb2a4b000 r--p 01144000 08:0a 1845480                    /home/vanshaj/.sdkman/candidates/java/11.0.8.hs-adpt/lib/server/libjvm.so
7f3cb2a4b000-7f3cb2a84000 rw-p 01203000 08:0a 1845480                    /home/vanshaj/.sdkman/candidates/java/11.0.8.hs-adpt/lib/server/libjvm.so
7f3cb2a84000-7f3cb2add000 rw-p 00000000 00:00 0 
7f3cb2add000-7f3cb2b02000 r--p 00000000 08:0a 264559                     /usr/lib/x86_64-linux-gnu/libc-2.31.so
7f3cb2b02000-7f3cb2c7a000 r-xp 00025000 08:0a 264559                     /usr/lib/x86_64-linux-gnu/libc-2.31.so
7f3cb2c7a000-7f3cb2cc4000 r--p 0019d000 08:0a 264559                     /usr/lib/x86_64-linux-gnu/libc-2.31.so
7f3cb2cc4000-7f3cb2cc5000 ---p 001e7000 08:0a 264559                     /usr/lib/x86_64-linux-gnu/libc-2.31.so
7f3cb2cc5000-7f3cb2cc8000 r--p 001e7000 08:0a 264559                     /usr/lib/x86_64-linux-gnu/libc-2.31.so
7f3cb2cc8000-7f3cb2ccb000 rw-p 001ea000 08:0a 264559                     /usr/lib/x86_64-linux-gnu/libc-2.31.so
7f3cb2ccb000-7f3cb2ccf000 rw-p 00000000 00:00 0 
7f3cb2ccf000-7f3cb2cd0000 r--p 00000000 08:0a 264701                     /usr/lib/x86_64-linux-gnu/libdl-2.31.so
7f3cb2cd0000-7f3cb2cd2000 r-xp 00001000 08:0a 264701                     /usr/lib/x86_64-linux-gnu/libdl-2.31.so
7f3cb2cd2000-7f3cb2cd3000 r--p 00003000 08:0a 264701                     /usr/lib/x86_64-linux-gnu/libdl-2.31.so
7f3cb2cd3000-7f3cb2cd4000 r--p 00003000 08:0a 264701                     /usr/lib/x86_64-linux-gnu/libdl-2.31.so
7f3cb2cd4000-7f3cb2cd5000 rw-p 00004000 08:0a 264701                     /usr/lib/x86_64-linux-gnu/libdl-2.31.so
7f3cb2cd5000-7f3cb2ce5000 r-xp 00000000 08:0a 1845487                    /home/vanshaj/.sdkman/candidates/java/11.0.8.hs-adpt/lib/jli/libjli.so
7f3cb2ce5000-7f3cb2ee4000 ---p 00010000 08:0a 1845487                    /home/vanshaj/.sdkman/candidates/java/11.0.8.hs-adpt/lib/jli/libjli.so
7f3cb2ee4000-7f3cb2ee5000 r--p 0000f000 08:0a 1845487                    /home/vanshaj/.sdkman/candidates/java/11.0.8.hs-adpt/lib/jli/libjli.so
7f3cb2ee5000-7f3cb2ee6000 rw-p 00010000 08:0a 1845487                    /home/vanshaj/.sdkman/candidates/java/11.0.8.hs-adpt/lib/jli/libjli.so
7f3cb2ee6000-7f3cb2eed000 r--p 00000000 08:0a 268000                     /usr/lib/x86_64-linux-gnu/libpthread-2.31.so
7f3cb2eed000-7f3cb2efe000 r-xp 00007000 08:0a 268000                     /usr/lib/x86_64-linux-gnu/libpthread-2.31.so
7f3cb2efe000-7f3cb2f03000 r--p 00018000 08:0a 268000                     /usr/lib/x86_64-linux-gnu/libpthread-2.31.so
7f3cb2f03000-7f3cb2f04000 r--p 0001c000 08:0a 268000                     /usr/lib/x86_64-linux-gnu/libpthread-2.31.so
7f3cb2f04000-7f3cb2f05000 rw-p 0001d000 08:0a 268000                     /usr/lib/x86_64-linux-gnu/libpthread-2.31.so
7f3cb2f05000-7f3cb2f09000 rw-p 00000000 00:00 0 
7f3cb2f09000-7f3cb2f0b000 r--p 00000000 08:0a 262534                     /usr/lib/x86_64-linux-gnu/libz.so.1.2.11
7f3cb2f0b000-7f3cb2f1c000 r-xp 00002000 08:0a 262534                     /usr/lib/x86_64-linux-gnu/libz.so.1.2.11
7f3cb2f1c000-7f3cb2f22000 r--p 00013000 08:0a 262534                     /usr/lib/x86_64-linux-gnu/libz.so.1.2.11
7f3cb2f22000-7f3cb2f23000 ---p 00019000 08:0a 262534                     /usr/lib/x86_64-linux-gnu/libz.so.1.2.11
7f3cb2f23000-7f3cb2f24000 r--p 00019000 08:0a 262534                     /usr/lib/x86_64-linux-gnu/libz.so.1.2.11
7f3cb2f24000-7f3cb2f25000 rw-p 0001a000 08:0a 262534                     /usr/lib/x86_64-linux-gnu/libz.so.1.2.11
7f3cb2f2b000-7f3cb2f2e000 r--p 00000000 08:0a 267371                     /usr/lib/x86_64-linux-gnu/libnss_files-2.31.so
7f3cb2f2e000-7f3cb2f35000 r-xp 00003000 08:0a 267371                     /usr/lib/x86_64-linux-gnu/libnss_files-2.31.so
7f3cb2f35000-7f3cb2f37000 r--p 0000a000 08:0a 267371                     /usr/lib/x86_64-linux-gnu/libnss_files-2.31.so
7f3cb2f37000-7f3cb2f38000 r--p 0000b000 08:0a 267371                     /usr/lib/x86_64-linux-gnu/libnss_files-2.31.so
7f3cb2f38000-7f3cb2f39000 rw-p 0000c000 08:0a 267371                     /usr/lib/x86_64-linux-gnu/libnss_files-2.31.so
7f3cb2f39000-7f3cb2f3f000 rw-p 00000000 00:00 0 
7f3cb2f3f000-7f3cb2f40000 ---p 00000000 00:00 0 
7f3cb2f40000-7f3cb2f41000 r--p 00000000 00:00 0 
7f3cb2f41000-7f3cb2f43000 rw-p 00000000 00:00 0 
7f3cb2f43000-7f3cb2f44000 r--p 00000000 08:0a 264555                     /usr/lib/x86_64-linux-gnu/ld-2.31.so
7f3cb2f44000-7f3cb2f67000 r-xp 00001000 08:0a 264555                     /usr/lib/x86_64-linux-gnu/ld-2.31.so
7f3cb2f67000-7f3cb2f6f000 r--p 00024000 08:0a 264555                     /usr/lib/x86_64-linux-gnu/ld-2.31.so
7f3cb2f70000-7f3cb2f71000 r--p 0002c000 08:0a 264555                     /usr/lib/x86_64-linux-gnu/ld-2.31.so
7f3cb2f71000-7f3cb2f72000 rw-p 0002d000 08:0a 264555                     /usr/lib/x86_64-linux-gnu/ld-2.31.so
7f3cb2f72000-7f3cb2f73000 rw-p 00000000 00:00 0 
7ffe6d31c000-7ffe6d33e000 rw-p 00000000 00:00 0                          [stack]
7ffe6d350000-7ffe6d354000 r--p 00000000 00:00 0                          [vvar]
7ffe6d354000-7ffe6d356000 r-xp 00000000 00:00 0                          [vdso]
ffffffffff600000-ffffffffff601000 --xp 00000000 00:00 0                  [vsyscall]


VM Arguments:
jvm_args: -Dapplication.home=/home/vanshaj/.sdkman/candidates/java/11.0.8.hs-adpt --add-modules=ALL-DEFAULT -Xms8m -Djdk.module.main=jdk.compiler 
java_command: jdk.compiler/com.sun.tools.javac.Main accountInfo.java
java_class_path (initial): <not set>
Launcher Type: SUN_STANDARD

[Global flags]
     intx CICompilerCount                          = 3                                         {product} {ergonomic}
     uint ConcGCThreads                            = 1                                         {product} {ergonomic}
     uint G1ConcRefinementThreads                  = 4                                         {product} {ergonomic}
   size_t G1HeapRegionSize                         = 1048576                                   {product} {ergonomic}
    uintx GCDrainStackTargetSize                   = 64                                        {product} {ergonomic}
   size_t InitialHeapSize                          = 8388608                                   {product} {command line}
   size_t MarkStackSize                            = 4194304                                   {product} {ergonomic}
   size_t MaxHeapSize                              = 5224005632                                {product} {ergonomic}
   size_t MaxNewSize                               = 3134193664                                {product} {ergonomic}
   size_t MinHeapDeltaBytes                        = 1048576                                   {product} {ergonomic}
    uintx NonNMethodCodeHeapSize                   = 5830732                                {pd product} {ergonomic}
    uintx NonProfiledCodeHeapSize                  = 122913754                              {pd product} {ergonomic}
    uintx ProfiledCodeHeapSize                     = 122913754                              {pd product} {ergonomic}
    uintx ReservedCodeCacheSize                    = 251658240                              {pd product} {ergonomic}
     bool SegmentedCodeCache                       = true                                      {product} {ergonomic}
     bool UseCompressedClassPointers               = true                                 {lp64_product} {ergonomic}
     bool UseCompressedOops                        = true                                 {lp64_product} {ergonomic}
     bool UseG1GC                                  = true                                      {product} {ergonomic}

Logging:
Log output configuration:
 #0: stdout all=warning uptime,level,tags
 #1: stderr all=off uptime,level,tags

Environment Variables:
JAVA_HOME=/home/vanshaj/.sdkman/candidates/java/current
PATH=/home/vanshaj/.sdkman/candidates/java/current/bin:/home/vanshaj/.sdkman/candidates/gradle/current/bin:/usr/local/sbin:/usr/local/bin:/usr/sbin:/usr/bin:/sbin:/bin:/usr/games:/usr/local/games:/snap/bin:/home/vanshaj/.ide/anjuta-3.18.2:/home/vanshaj/poi-4.1.2/poi-4.1.2i.jar:/home/vanshaj/poi-4.1.2/poi-examples-4.1.2.jar:/home/vanshaj/poi-4.1.2/poi-ooxml-4.1.2.jar:/home/vanshaj/poi-4.1.2/poi-ooxml-schemas-4.1.2.jar:/home/vanshaj/poi-4.1.2/poi-scratchpad-4.1.2.jar:/home/vanshaj/poi-4.1.2/ooxml-lib/xmlbeans-3.1.0.jar
USERNAME=vanshaj
SHELL=/bin/bash
DISPLAY=:0
LANG=en_GB.UTF-8

Signal Handlers:
SIGSEGV: [libjvm.so+0xe3c180], sa_mask[0]=11111111011111111101111111111110, sa_flags=SA_RESTART|SA_SIGINFO
SIGBUS: [libjvm.so+0xe3c180], sa_mask[0]=11111111011111111101111111111110, sa_flags=SA_RESTART|SA_SIGINFO
SIGFPE: [libjvm.so+0xe3c180], sa_mask[0]=11111111011111111101111111111110, sa_flags=SA_RESTART|SA_SIGINFO
SIGPIPE: [libjvm.so+0xc0d1f0], sa_mask[0]=11111111011111111101111111111110, sa_flags=SA_RESTART|SA_SIGINFO
SIGXFSZ: [libjvm.so+0xc0d1f0], sa_mask[0]=11111111011111111101111111111110, sa_flags=SA_RESTART|SA_SIGINFO
SIGILL: [libjvm.so+0xe3c180], sa_mask[0]=11111111011111111101111111111110, sa_flags=SA_RESTART|SA_SIGINFO
SIGUSR2: [libjvm.so+0xc0d090], sa_mask[0]=00000000000000000000000000000000, sa_flags=SA_RESTART|SA_SIGINFO
SIGHUP: [libjvm.so+0xc0d3f0], sa_mask[0]=11111111011111111101111111111110, sa_flags=SA_RESTART|SA_SIGINFO
SIGINT: [libjvm.so+0xc0d3f0], sa_mask[0]=11111111011111111101111111111110, sa_flags=SA_RESTART|SA_SIGINFO
SIGTERM: [libjvm.so+0xc0d3f0], sa_mask[0]=11111111011111111101111111111110, sa_flags=SA_RESTART|SA_SIGINFO
SIGQUIT: [libjvm.so+0xc0d3f0], sa_mask[0]=11111111011111111101111111111110, sa_flags=SA_RESTART|SA_SIGINFO


---------------  S Y S T E M  ---------------

OS:DISTRIB_ID=Ubuntu
DISTRIB_RELEASE=20.04
DISTRIB_CODENAME=focal
DISTRIB_DESCRIPTION="Ubuntu 20.04.2 LTS"
uname:Linux 5.8.0-44-generic #50~20.04.1-Ubuntu SMP Wed Feb 10 21:07:30 UTC 2021 x86_64
OS uptime: 0 days 0:15 hours
libc:glibc 2.31 NPTL 2.31 
rlimit (soft/hard): STACK 8192k/infinity , CORE 0k/infinity , NPROC 79312/79312 , NOFILE 1048576/1048576 , AS infinity/infinity , CPU infinity/infinity , DATA infinity/infinity , FSIZE infinity/infinity , MEMLOCK 65536k/65536k
load average:0.29 0.63 0.58

/proc/meminfo:
MemTotal:       20400352 kB
MemFree:        16912036 kB
MemAvailable:   18005200 kB
Buffers:          103528 kB
Cached:          1573752 kB
SwapCached:            0 kB
Active:          1957492 kB
Inactive:         841964 kB
Active(anon):    1460684 kB
Inactive(anon):    12324 kB
Active(file):     496808 kB
Inactive(file):   829640 kB
Unevictable:      336976 kB
Mlocked:              32 kB
SwapTotal:       2083964 kB
SwapFree:        2083964 kB
Dirty:               956 kB
Writeback:             0 kB
AnonPages:       1459300 kB
Mapped:           529712 kB
Shmem:            350836 kB
KReclaimable:      99300 kB
Slab:             228952 kB
SReclaimable:      99300 kB
SUnreclaim:       129652 kB
KernelStack:       12576 kB
PageTables:        20728 kB
NFS_Unstable:          0 kB
Bounce:                0 kB
WritebackTmp:          0 kB
CommitLimit:    12284140 kB
Committed_AS:    6086200 kB
VmallocTotal:   34359738367 kB
VmallocUsed:       33928 kB
VmallocChunk:          0 kB
Percpu:             3424 kB
HardwareCorrupted:     0 kB
AnonHugePages:         0 kB
ShmemHugePages:        0 kB
ShmemPmdMapped:        0 kB
FileHugePages:         0 kB
FilePmdMapped:         0 kB
HugePages_Total:       0
HugePages_Free:        0
HugePages_Rsvd:        0
HugePages_Surp:        0
Hugepagesize:       2048 kB
Hugetlb:               0 kB
DirectMap4k:      277952 kB
DirectMap2M:     5912576 kB
DirectMap1G:    14680064 kB

/sys/kernel/mm/transparent_hugepage/enabled:
always [madvise] never

/sys/kernel/mm/transparent_hugepage/defrag (defrag/compaction efforts parameter):
always defer defer+madvise [madvise] never


/proc/sys/kernel/threads-max (system-wide limit on the number of threads):
158625


/proc/sys/vm/max_map_count (maximum number of memory map areas a process may have):
65530


/proc/sys/kernel/pid_max (system-wide limit on number of process identifiers):
4194304



container (cgroup) information:
container_type: cgroupv1
cpu_cpuset_cpus: 0-3
cpu_memory_nodes: 0
active_processor_count: 4
cpu_quota: -1
cpu_period: 100000
cpu_shares: -1
memory_limit_in_bytes: -1
memory_and_swap_limit_in_bytes: -1
memory_soft_limit_in_bytes: -1
memory_usage_in_bytes: 1945489408
memory_max_usage_in_bytes: 2080624640

Steal ticks since vm start: 0
Steal ticks percentage since vm start:  0.000

CPU:total 4 (initial active 4) (2 cores per cpu, 2 threads per core) family 6 model 142 stepping 9, cmov, cx8, fxsr, mmx, sse, sse2, sse3, ssse3, sse4.1, sse4.2, popcnt, avx, avx2, aes, clmul, erms, 3dnowpref, lzcnt, ht, tsc, tscinvbit, bmi1, bmi2, adx, fma
CPU Model and flags from /proc/cpuinfo:
model name	: Intel(R) Core(TM) i3-7020U CPU @ 2.30GHz
flags		: fpu vme de pse tsc msr pae mce cx8 apic sep mtrr pge mca cmov pat pse36 clflush dts acpi mmx fxsr sse sse2 ss ht tm pbe syscall nx pdpe1gb rdtscp lm constant_tsc art arch_perfmon pebs bts rep_good nopl xtopology nonstop_tsc cpuid aperfmperf pni pclmulqdq dtes64 monitor ds_cpl vmx est tm2 ssse3 sdbg fma cx16 xtpr pdcm pcid sse4_1 sse4_2 x2apic movbe popcnt tsc_deadline_timer aes xsave avx f16c rdrand lahf_lm abm 3dnowprefetch cpuid_fault epb invpcid_single pti ssbd ibrs ibpb stibp tpr_shadow vnmi flexpriority ept vpid ept_ad fsgsbase tsc_adjust bmi1 avx2 smep bmi2 erms invpcid mpx rdseed adx smap clflushopt intel_pt xsaveopt xsavec xgetbv1 xsaves dtherm arat pln pts hwp hwp_notify hwp_act_window hwp_epp md_clear flush_l1d

Memory: 4k page, physical 20400352k(16912036k free), swap 2083964k(2083964k free)

vm_info: OpenJDK 64-Bit Server VM (11.0.8+10) for linux-amd64 JRE (11.0.8+10), built on Jul 15 2020 09:02:55 by "" with gcc 7.5.0

END.
